<?xml version="1.0" encoding="UTF-8"?>
<!-- Generated by org.testng.reporters.JUnitReportReporter -->
<testsuite skipped="0" hostname="LT-PARKM-235" name="DriverPack.TestDriver" tests="1" failures="0" timestamp="30 Jun 2018 15:21:20 GMT" time="19.343" errors="0">
  <testcase name="executeAllTestCases" time="19.343" classname="DriverPack.TestDriver"/>
</testsuite> <!-- DriverPack.TestDriver -->
